{
  "stats": {
    "suites": 3,
    "tests": 5,
    "passes": 5,
    "pending": 0,
    "failures": 0,
    "start": "2017-11-12T15:32:21.046Z",
    "end": "2017-11-12T15:32:23.052Z",
    "duration": 2006,
    "testsRegistered": 5,
    "passPercent": 100,
    "pendingPercent": 0,
    "other": 0,
    "hasOther": false,
    "skipped": 0,
    "hasSkipped": false,
    "passPercentClass": "success",
    "pendingPercentClass": "danger"
  },
  "suites": {
    "title": "",
    "suites": [
      {
        "title": "add 函数测试",
        "suites": [],
        "tests": [
          {
            "title": "1 加 1 应等于 2",
            "fullTitle": "add 函数测试 1 加 1 应等于 2",
            "timedOut": false,
            "duration": 2002,
            "state": "passed",
            "speed": "slow",
            "pass": true,
            "fail": false,
            "pending": false,
            "code": "setTimeout(function() {\n  expect(add(1, 1)).to.be.equal(2);\n  done();\n}, 2000);",
            "err": {},
            "isRoot": false,
            "uuid": "9b1871db-cb60-453e-a3c3-a805be86e176",
            "parentUUID": "247e48c1-108d-4db8-a189-05193384d234",
            "isHook": false,
            "skipped": false
          },
          {
            "title": "1 加 -1 等于 0",
            "fullTitle": "add 函数测试 1 加 -1 等于 0",
            "timedOut": false,
            "duration": 0,
            "state": "passed",
            "speed": "fast",
            "pass": true,
            "fail": false,
            "pending": false,
            "code": "expect(add(1, -1)).to.be.equal(0)",
            "err": {},
            "isRoot": false,
            "uuid": "06e0bd33-3cd2-419b-8105-ec81b40769e9",
            "parentUUID": "247e48c1-108d-4db8-a189-05193384d234",
            "isHook": false,
            "skipped": false
          },
          {
            "title": "12 加 12 等于 24",
            "fullTitle": "add 函数测试 12 加 12 等于 24",
            "timedOut": false,
            "duration": 1,
            "state": "passed",
            "speed": "fast",
            "pass": true,
            "fail": false,
            "pending": false,
            "code": "expect(add(12, 12)).to.be.equal(24)",
            "err": {},
            "isRoot": false,
            "uuid": "c893e939-e6fd-4e0f-b757-42df027fc2a0",
            "parentUUID": "247e48c1-108d-4db8-a189-05193384d234",
            "isHook": false,
            "skipped": false
          }
        ],
        "pending": [],
        "root": false,
        "_timeout": 4000,
        "file": "/test/add.test.js",
        "uuid": "247e48c1-108d-4db8-a189-05193384d234",
        "beforeHooks": [],
        "afterHooks": [],
        "fullFile": "/Users/jasonli/学习/单元测试/1.mocha/test/add.test.js",
        "passes": [
          {
            "title": "1 加 1 应等于 2",
            "fullTitle": "add 函数测试 1 加 1 应等于 2",
            "timedOut": false,
            "duration": 2002,
            "state": "passed",
            "speed": "slow",
            "pass": true,
            "fail": false,
            "pending": false,
            "code": "setTimeout(function() {\n  expect(add(1, 1)).to.be.equal(2);\n  done();\n}, 2000);",
            "err": {},
            "isRoot": false,
            "uuid": "9b1871db-cb60-453e-a3c3-a805be86e176",
            "parentUUID": "247e48c1-108d-4db8-a189-05193384d234",
            "isHook": false,
            "skipped": false
          },
          {
            "title": "1 加 -1 等于 0",
            "fullTitle": "add 函数测试 1 加 -1 等于 0",
            "timedOut": false,
            "duration": 0,
            "state": "passed",
            "speed": "fast",
            "pass": true,
            "fail": false,
            "pending": false,
            "code": "expect(add(1, -1)).to.be.equal(0)",
            "err": {},
            "isRoot": false,
            "uuid": "06e0bd33-3cd2-419b-8105-ec81b40769e9",
            "parentUUID": "247e48c1-108d-4db8-a189-05193384d234",
            "isHook": false,
            "skipped": false
          },
          {
            "title": "12 加 12 等于 24",
            "fullTitle": "add 函数测试 12 加 12 等于 24",
            "timedOut": false,
            "duration": 1,
            "state": "passed",
            "speed": "fast",
            "pass": true,
            "fail": false,
            "pending": false,
            "code": "expect(add(12, 12)).to.be.equal(24)",
            "err": {},
            "isRoot": false,
            "uuid": "c893e939-e6fd-4e0f-b757-42df027fc2a0",
            "parentUUID": "247e48c1-108d-4db8-a189-05193384d234",
            "isHook": false,
            "skipped": false
          }
        ],
        "failures": [],
        "skipped": [],
        "hasBeforeHooks": false,
        "hasAfterHooks": false,
        "hasTests": true,
        "hasSuites": false,
        "totalTests": 3,
        "totalPasses": 3,
        "totalFailures": 0,
        "totalPending": 0,
        "totalSkipped": 0,
        "hasPasses": true,
        "hasFailures": false,
        "hasPending": false,
        "hasSkipped": false,
        "duration": 2003,
        "rootEmpty": false
      },
      {
        "title": "异步请求测试",
        "suites": [],
        "tests": [
          {
            "title": "异步请求返回一个对象",
            "fullTitle": "异步请求测试 异步请求返回一个对象",
            "timedOut": false,
            "duration": 2,
            "state": "passed",
            "speed": "fast",
            "pass": true,
            "fail": false,
            "pending": false,
            "code": "return getData().then(res => {\n  expect(res.data).to.be.an('object');\n})",
            "err": {},
            "isRoot": false,
            "uuid": "ff5f788a-198d-4e45-8c66-80470d240b4f",
            "parentUUID": "8443857f-4ee5-456d-b6ff-c22d0339cb07",
            "isHook": false,
            "skipped": false
          }
        ],
        "pending": [],
        "root": false,
        "_timeout": 4000,
        "file": "/test/api.test.js",
        "uuid": "8443857f-4ee5-456d-b6ff-c22d0339cb07",
        "beforeHooks": [],
        "afterHooks": [],
        "fullFile": "/Users/jasonli/学习/单元测试/1.mocha/test/api.test.js",
        "passes": [
          {
            "title": "异步请求返回一个对象",
            "fullTitle": "异步请求测试 异步请求返回一个对象",
            "timedOut": false,
            "duration": 2,
            "state": "passed",
            "speed": "fast",
            "pass": true,
            "fail": false,
            "pending": false,
            "code": "return getData().then(res => {\n  expect(res.data).to.be.an('object');\n})",
            "err": {},
            "isRoot": false,
            "uuid": "ff5f788a-198d-4e45-8c66-80470d240b4f",
            "parentUUID": "8443857f-4ee5-456d-b6ff-c22d0339cb07",
            "isHook": false,
            "skipped": false
          }
        ],
        "failures": [],
        "skipped": [],
        "hasBeforeHooks": false,
        "hasAfterHooks": false,
        "hasTests": true,
        "hasSuites": false,
        "totalTests": 1,
        "totalPasses": 1,
        "totalFailures": 0,
        "totalPending": 0,
        "totalSkipped": 0,
        "hasPasses": true,
        "hasFailures": false,
        "hasPending": false,
        "hasSkipped": false,
        "duration": 2,
        "rootEmpty": false
      },
      {
        "title": "乘法函数测试",
        "suites": [],
        "tests": [
          {
            "title": "1 乘 1 等于 1",
            "fullTitle": "乘法函数测试 1 乘 1 等于 1",
            "timedOut": false,
            "duration": 0,
            "state": "passed",
            "speed": "fast",
            "pass": true,
            "fail": false,
            "pending": false,
            "code": "expect(multiply(1, 1)).to.be.equal(1);",
            "err": {},
            "isRoot": false,
            "uuid": "43b336ce-1bc5-48dc-a7b2-bcf450f45ee5",
            "parentUUID": "bd018ff7-b399-42fa-91c4-18b8e4da431c",
            "isHook": false,
            "skipped": false
          }
        ],
        "pending": [],
        "root": false,
        "_timeout": 4000,
        "file": "/test/dir/multiply.test.js",
        "uuid": "bd018ff7-b399-42fa-91c4-18b8e4da431c",
        "beforeHooks": [],
        "afterHooks": [],
        "fullFile": "/Users/jasonli/学习/单元测试/1.mocha/test/dir/multiply.test.js",
        "passes": [
          {
            "title": "1 乘 1 等于 1",
            "fullTitle": "乘法函数测试 1 乘 1 等于 1",
            "timedOut": false,
            "duration": 0,
            "state": "passed",
            "speed": "fast",
            "pass": true,
            "fail": false,
            "pending": false,
            "code": "expect(multiply(1, 1)).to.be.equal(1);",
            "err": {},
            "isRoot": false,
            "uuid": "43b336ce-1bc5-48dc-a7b2-bcf450f45ee5",
            "parentUUID": "bd018ff7-b399-42fa-91c4-18b8e4da431c",
            "isHook": false,
            "skipped": false
          }
        ],
        "failures": [],
        "skipped": [],
        "hasBeforeHooks": false,
        "hasAfterHooks": false,
        "hasTests": true,
        "hasSuites": false,
        "totalTests": 1,
        "totalPasses": 1,
        "totalFailures": 0,
        "totalPending": 0,
        "totalSkipped": 0,
        "hasPasses": true,
        "hasFailures": false,
        "hasPending": false,
        "hasSkipped": false,
        "duration": 0,
        "rootEmpty": false
      }
    ],
    "tests": [],
    "pending": [],
    "root": true,
    "_timeout": 4000,
    "uuid": "bffc7325-2537-498c-8f6d-c52aa002c395",
    "beforeHooks": [],
    "afterHooks": [],
    "fullFile": "",
    "file": "",
    "passes": [],
    "failures": [],
    "skipped": [],
    "hasBeforeHooks": false,
    "hasAfterHooks": false,
    "hasTests": false,
    "hasSuites": true,
    "totalTests": 0,
    "totalPasses": 0,
    "totalFailures": 0,
    "totalPending": 0,
    "totalSkipped": 0,
    "hasPasses": false,
    "hasFailures": false,
    "hasPending": false,
    "hasSkipped": false,
    "duration": 0,
    "rootEmpty": true
  },
  "allTests": [
    {
      "title": "1 加 1 应等于 2",
      "fullTitle": "add 函数测试 1 加 1 应等于 2",
      "timedOut": false,
      "duration": 2002,
      "state": "passed",
      "speed": "slow",
      "pass": true,
      "fail": false,
      "pending": false,
      "code": "setTimeout(function() {\n  expect(add(1, 1)).to.be.equal(2);\n  done();\n}, 2000);",
      "err": {},
      "isRoot": false,
      "uuid": "9b1871db-cb60-453e-a3c3-a805be86e176",
      "parentUUID": "247e48c1-108d-4db8-a189-05193384d234",
      "isHook": false,
      "skipped": false
    },
    {
      "title": "1 加 -1 等于 0",
      "fullTitle": "add 函数测试 1 加 -1 等于 0",
      "timedOut": false,
      "duration": 0,
      "state": "passed",
      "speed": "fast",
      "pass": true,
      "fail": false,
      "pending": false,
      "code": "expect(add(1, -1)).to.be.equal(0)",
      "err": {},
      "isRoot": false,
      "uuid": "06e0bd33-3cd2-419b-8105-ec81b40769e9",
      "parentUUID": "247e48c1-108d-4db8-a189-05193384d234",
      "isHook": false,
      "skipped": false
    },
    {
      "title": "12 加 12 等于 24",
      "fullTitle": "add 函数测试 12 加 12 等于 24",
      "timedOut": false,
      "duration": 1,
      "state": "passed",
      "speed": "fast",
      "pass": true,
      "fail": false,
      "pending": false,
      "code": "expect(add(12, 12)).to.be.equal(24)",
      "err": {},
      "isRoot": false,
      "uuid": "c893e939-e6fd-4e0f-b757-42df027fc2a0",
      "parentUUID": "247e48c1-108d-4db8-a189-05193384d234",
      "isHook": false,
      "skipped": false
    },
    {
      "title": "异步请求返回一个对象",
      "fullTitle": "异步请求测试 异步请求返回一个对象",
      "timedOut": false,
      "duration": 2,
      "state": "passed",
      "speed": "fast",
      "pass": true,
      "fail": false,
      "pending": false,
      "code": "return getData().then(res => {\n  expect(res.data).to.be.an('object');\n})",
      "err": {},
      "isRoot": false,
      "uuid": "ff5f788a-198d-4e45-8c66-80470d240b4f",
      "parentUUID": "8443857f-4ee5-456d-b6ff-c22d0339cb07",
      "isHook": false,
      "skipped": false
    },
    {
      "title": "1 乘 1 等于 1",
      "fullTitle": "乘法函数测试 1 乘 1 等于 1",
      "timedOut": false,
      "duration": 0,
      "state": "passed",
      "speed": "fast",
      "pass": true,
      "fail": false,
      "pending": false,
      "code": "expect(multiply(1, 1)).to.be.equal(1);",
      "err": {},
      "isRoot": false,
      "uuid": "43b336ce-1bc5-48dc-a7b2-bcf450f45ee5",
      "parentUUID": "bd018ff7-b399-42fa-91c4-18b8e4da431c",
      "isHook": false,
      "skipped": false
    }
  ],
  "allPending": [],
  "allPasses": [
    {
      "title": "1 加 1 应等于 2",
      "fullTitle": "add 函数测试 1 加 1 应等于 2",
      "timedOut": false,
      "duration": 2002,
      "state": "passed",
      "speed": "slow",
      "pass": true,
      "fail": false,
      "pending": false,
      "code": "setTimeout(function() {\n  expect(add(1, 1)).to.be.equal(2);\n  done();\n}, 2000);",
      "err": {},
      "isRoot": false,
      "uuid": "9b1871db-cb60-453e-a3c3-a805be86e176",
      "parentUUID": "247e48c1-108d-4db8-a189-05193384d234",
      "isHook": false,
      "skipped": false
    },
    {
      "title": "1 加 -1 等于 0",
      "fullTitle": "add 函数测试 1 加 -1 等于 0",
      "timedOut": false,
      "duration": 0,
      "state": "passed",
      "speed": "fast",
      "pass": true,
      "fail": false,
      "pending": false,
      "code": "expect(add(1, -1)).to.be.equal(0)",
      "err": {},
      "isRoot": false,
      "uuid": "06e0bd33-3cd2-419b-8105-ec81b40769e9",
      "parentUUID": "247e48c1-108d-4db8-a189-05193384d234",
      "isHook": false,
      "skipped": false
    },
    {
      "title": "12 加 12 等于 24",
      "fullTitle": "add 函数测试 12 加 12 等于 24",
      "timedOut": false,
      "duration": 1,
      "state": "passed",
      "speed": "fast",
      "pass": true,
      "fail": false,
      "pending": false,
      "code": "expect(add(12, 12)).to.be.equal(24)",
      "err": {},
      "isRoot": false,
      "uuid": "c893e939-e6fd-4e0f-b757-42df027fc2a0",
      "parentUUID": "247e48c1-108d-4db8-a189-05193384d234",
      "isHook": false,
      "skipped": false
    },
    {
      "title": "异步请求返回一个对象",
      "fullTitle": "异步请求测试 异步请求返回一个对象",
      "timedOut": false,
      "duration": 2,
      "state": "passed",
      "speed": "fast",
      "pass": true,
      "fail": false,
      "pending": false,
      "code": "return getData().then(res => {\n  expect(res.data).to.be.an('object');\n})",
      "err": {},
      "isRoot": false,
      "uuid": "ff5f788a-198d-4e45-8c66-80470d240b4f",
      "parentUUID": "8443857f-4ee5-456d-b6ff-c22d0339cb07",
      "isHook": false,
      "skipped": false
    },
    {
      "title": "1 乘 1 等于 1",
      "fullTitle": "乘法函数测试 1 乘 1 等于 1",
      "timedOut": false,
      "duration": 0,
      "state": "passed",
      "speed": "fast",
      "pass": true,
      "fail": false,
      "pending": false,
      "code": "expect(multiply(1, 1)).to.be.equal(1);",
      "err": {},
      "isRoot": false,
      "uuid": "43b336ce-1bc5-48dc-a7b2-bcf450f45ee5",
      "parentUUID": "bd018ff7-b399-42fa-91c4-18b8e4da431c",
      "isHook": false,
      "skipped": false
    }
  ],
  "allFailures": [],
  "copyrightYear": 2017
}